InnoDB: using atomic writes.
2019-12-18 19:18:41 0 [Note] InnoDB: Mutexes and rw_locks use Windows interlocked functions
2019-12-18 19:18:41 0 [Note] InnoDB: Uses event mutexes
2019-12-18 19:18:41 0 [Note] InnoDB: Compressed tables use zlib 1.2.11
2019-12-18 19:18:41 0 [Note] InnoDB: Number of pools: 1
2019-12-18 19:18:41 0 [Note] InnoDB: Using SSE2 crc32 instructions
2019-12-18 19:18:41 0 [Note] InnoDB: Initializing buffer pool, total size = 16M, instances = 1, chunk size = 16M
2019-12-18 19:18:41 0 [Note] InnoDB: Completed initialization of buffer pool
2019-12-18 19:18:41 0 [Note] InnoDB: Starting crash recovery from checkpoint LSN=300288
2019-12-18 19:18:41 0 [Note] InnoDB: 128 out of 128 rollback segments are active.
2019-12-18 19:18:41 0 [Note] InnoDB: Removed temporary tablespace data file: "ibtmp1"
2019-12-18 19:18:41 0 [Note] InnoDB: Creating shared tablespace for temporary tables
2019-12-18 19:18:41 0 [Note] InnoDB: Setting file 'C:\xampp\mysql\data\ibtmp1' size to 12 MB. Physically writing the file full; Please wait ...
2019-12-18 19:18:41 0 [Note] InnoDB: File 'C:\xampp\mysql\data\ibtmp1' size is now 12 MB.
2019-12-18 19:18:41 0 [Note] InnoDB: Waiting for purge to start
2019-12-18 19:18:42 0 [Note] InnoDB: 10.4.10 started; log sequence number 300297; transaction id 171
2019-12-18 19:18:42 0 [Note] InnoDB: Loading buffer pool(s) from C:\xampp\mysql\data\ib_buffer_pool
2019-12-18 19:18:42 0 [Note] Plugin 'FEEDBACK' is disabled.
2019-12-18 19:18:42 0 [Note] Server socket created on IP: '::'.
2019-12-18 19:18:42 0 [Note] InnoDB: Buffer pool(s) load completed at 191218 19:18:42
InnoDB: using atomic writes.
2019-12-18 19:36:24 0 [Note] InnoDB: Mutexes and rw_locks use Windows interlocked functions
2019-12-18 19:36:24 0 [Note] InnoDB: Uses event mutexes
2019-12-18 19:36:24 0 [Note] InnoDB: Compressed tables use zlib 1.2.11
2019-12-18 19:36:24 0 [Note] InnoDB: Number of pools: 1
2019-12-18 19:36:24 0 [Note] InnoDB: Using SSE2 crc32 instructions
2019-12-18 19:36:24 0 [Note] InnoDB: Initializing buffer pool, total size = 16M, instances = 1, chunk size = 16M
2019-12-18 19:36:24 0 [Note] InnoDB: Completed initialization of buffer pool
2019-12-18 19:36:24 0 [Note] InnoDB: Starting crash recovery from checkpoint LSN=300638
2019-12-18 19:36:24 0 [Note] InnoDB: 128 out of 128 rollback segments are active.
2019-12-18 19:36:24 0 [Note] InnoDB: Removed temporary tablespace data file: "ibtmp1"
2019-12-18 19:36:24 0 [Note] InnoDB: Creating shared tablespace for temporary tables
2019-12-18 19:36:24 0 [Note] InnoDB: Setting file 'C:\xampp\mysql\data\ibtmp1' size to 12 MB. Physically writing the file full; Please wait ...
2019-12-18 19:36:24 0 [Note] InnoDB: File 'C:\xampp\mysql\data\ibtmp1' size is now 12 MB.
2019-12-18 19:36:24 0 [Note] InnoDB: Waiting for purge to start
2019-12-18 19:36:24 0 [Note] InnoDB: 10.4.10 started; log sequence number 300647; transaction id 195
2019-12-18 19:36:24 0 [Note] InnoDB: Loading buffer pool(s) from C:\xampp\mysql\data\ib_buffer_pool
2019-12-18 19:36:24 0 [Note] Plugin 'FEEDBACK' is disabled.
2019-12-18 19:36:24 0 [Note] Server socket created on IP: '::'.
InnoDB: using atomic writes.
2019-12-22 13:13:25 0 [Note] InnoDB: Mutexes and rw_locks use Windows interlocked functions
2019-12-22 13:13:25 0 [Note] InnoDB: Uses event mutexes
2019-12-22 13:13:25 0 [Note] InnoDB: Compressed tables use zlib 1.2.11
2019-12-22 13:13:25 0 [Note] InnoDB: Number of pools: 1
2019-12-22 13:13:25 0 [Note] InnoDB: Using SSE2 crc32 instructions
2019-12-22 13:13:25 0 [Note] InnoDB: Initializing buffer pool, total size = 16M, instances = 1, chunk size = 16M
2019-12-22 13:13:25 0 [Note] InnoDB: Completed initialization of buffer pool
2019-12-22 13:13:25 0 [Note] InnoDB: Starting crash recovery from checkpoint LSN=1971979
2019-12-22 13:13:25 0 [Note] InnoDB: 128 out of 128 rollback segments are active.
2019-12-22 13:13:25 0 [Note] InnoDB: Removed temporary tablespace data file: "ibtmp1"
2019-12-22 13:13:25 0 [Note] InnoDB: Creating shared tablespace for temporary tables
2019-12-22 13:13:25 0 [Note] InnoDB: Setting file 'C:\xampp\mysql\data\ibtmp1' size to 12 MB. Physically writing the file full; Please wait ...
2019-12-22 13:13:25 0 [Note] InnoDB: File 'C:\xampp\mysql\data\ibtmp1' size is now 12 MB.
2019-12-22 13:13:25 0 [Note] InnoDB: Waiting for purge to start
2019-12-22 13:13:25 0 [Note] InnoDB: 10.4.10 started; log sequence number 1971988; transaction id 947
2019-12-22 13:13:25 0 [Note] InnoDB: Loading buffer pool(s) from C:\xampp\mysql\data\ib_buffer_pool
2019-12-22 13:13:25 0 [Note] Plugin 'FEEDBACK' is disabled.
2019-12-22 13:13:25 0 [Note] Server socket created on IP: '::'.
2019-12-22 13:13:25 0 [Note] InnoDB: Buffer pool(s) load completed at 191222 13:13:25
2019-12-22 13:13:25 0 [Note] Reading of all Master_info entries succeeded
2019-12-22 13:13:25 0 [Note] Added new Master_info '' to hash table
2019-12-22 13:13:25 0 [Note] mysql\bin\mysqld.exe: ready for connections.
Version: '10.4.10-MariaDB'  socket: ''  port: 3306  mariadb.org binary distribution
InnoDB: using atomic writes.
2019-12-22 13:16:33 0 [Note] InnoDB: Mutexes and rw_locks use Windows interlocked functions
2019-12-22 13:16:33 0 [Note] InnoDB: Uses event mutexes
2019-12-22 13:16:33 0 [Note] InnoDB: Compressed tables use zlib 1.2.11
2019-12-22 13:16:33 0 [Note] InnoDB: Number of pools: 1
2019-12-22 13:16:33 0 [Note] InnoDB: Using SSE2 crc32 instructions
2019-12-22 13:16:33 0 [Note] InnoDB: Initializing buffer pool, total size = 16M, instances = 1, chunk size = 16M
2019-12-22 13:16:33 0 [Note] InnoDB: Completed initialization of buffer pool
2019-12-22 13:16:33 0 [Note] InnoDB: Starting crash recovery from checkpoint LSN=1971997
2019-12-22 13:16:34 0 [Note] InnoDB: 128 out of 128 rollback segments are active.
2019-12-22 13:16:34 0 [Note] InnoDB: Removed temporary tablespace data file: "ibtmp1"
2019-12-22 13:16:34 0 [Note] InnoDB: Creating shared tablespace for temporary tables
2019-12-22 13:16:34 0 [Note] InnoDB: Setting file 'C:\xampp\mysql\data\ibtmp1' size to 12 MB. Physically writing the file full; Please wait ...
2019-12-22 13:16:34 0 [Note] InnoDB: File 'C:\xampp\mysql\data\ibtmp1' size is now 12 MB.
2019-12-22 13:16:34 0 [Note] InnoDB: Waiting for purge to start
2019-12-22 13:16:34 0 [Note] InnoDB: 10.4.10 started; log sequence number 1972006; transaction id 947
2019-12-22 13:16:34 0 [Note] InnoDB: Loading buffer pool(s) from C:\xampp\mysql\data\ib_buffer_pool
2019-12-22 13:16:34 0 [Note] Plugin 'FEEDBACK' is disabled.
2019-12-22 13:16:34 0 [Note] Server socket created on IP: '::'.
InnoDB: using atomic writes.
2019-12-22 13:48:44 0 [Note] InnoDB: Mutexes and rw_locks use Windows interlocked functions
2019-12-22 13:48:44 0 [Note] InnoDB: Uses event mutexes
2019-12-22 13:48:44 0 [Note] InnoDB: Compressed tables use zlib 1.2.11
2019-12-22 13:48:44 0 [Note] InnoDB: Number of pools: 1
2019-12-22 13:48:44 0 [Note] InnoDB: Using SSE2 crc32 instructions
2019-12-22 13:48:44 0 [Note] InnoDB: Initializing buffer pool, total size = 16M, instances = 1, chunk size = 16M
2019-12-22 13:48:44 0 [Note] InnoDB: Completed initialization of buffer pool
2019-12-22 13:48:44 0 [Note] InnoDB: Starting crash recovery from checkpoint LSN=2149234
2019-12-22 13:48:44 0 [Note] InnoDB: 128 out of 128 rollback segments are active.
2019-12-22 13:48:44 0 [Note] InnoDB: Removed temporary tablespace data file: "ibtmp1"
2019-12-22 13:48:44 0 [Note] InnoDB: Creating shared tablespace for temporary tables
2019-12-22 13:48:44 0 [Note] InnoDB: Setting file 'C:\xampp\mysql\data\ibtmp1' size to 12 MB. Physically writing the file full; Please wait ...
2019-12-22 13:48:44 0 [Note] InnoDB: File 'C:\xampp\mysql\data\ibtmp1' size is now 12 MB.
2019-12-22 13:48:44 0 [Note] InnoDB: Waiting for purge to start
2019-12-22 13:48:44 0 [Note] InnoDB: 10.4.10 started; log sequence number 2149243; transaction id 1120
2019-12-22 13:48:44 0 [Note] InnoDB: Loading buffer pool(s) from C:\xampp\mysql\data\ib_buffer_pool
2019-12-22 13:48:44 0 [Note] Plugin 'FEEDBACK' is disabled.
2019-12-22 13:48:44 0 [Note] Server socket created on IP: '::'.
2019-12-22 13:48:44 0 [Note] InnoDB: Buffer pool(s) load completed at 191222 13:48:44
InnoDB: using atomic writes.
2019-12-23 14:12:01 0 [Note] InnoDB: Mutexes and rw_locks use Windows interlocked functions
2019-12-23 14:12:01 0 [Note] InnoDB: Uses event mutexes
2019-12-23 14:12:01 0 [Note] InnoDB: Compressed tables use zlib 1.2.11
2019-12-23 14:12:01 0 [Note] InnoDB: Number of pools: 1
2019-12-23 14:12:01 0 [Note] InnoDB: Using SSE2 crc32 instructions
2019-12-23 14:12:01 0 [Note] InnoDB: Initializing buffer pool, total size = 16M, instances = 1, chunk size = 16M
2019-12-23 14:12:01 0 [Note] InnoDB: Completed initialization of buffer pool
2019-12-23 14:12:01 0 [Note] InnoDB: Starting crash recovery from checkpoint LSN=28146046
2019-12-23 14:12:01 0 [Note] InnoDB: 128 out of 128 rollback segments are active.
2019-12-23 14:12:01 0 [Note] InnoDB: Removed temporary tablespace data file: "ibtmp1"
2019-12-23 14:12:01 0 [Note] InnoDB: Creating shared tablespace for temporary tables
2019-12-23 14:12:01 0 [Note] InnoDB: Setting file 'C:\xampp\mysql\data\ibtmp1' size to 12 MB. Physically writing the file full; Please wait ...
2019-12-23 14:12:01 0 [Note] InnoDB: File 'C:\xampp\mysql\data\ibtmp1' size is now 12 MB.
2019-12-23 14:12:01 0 [Note] InnoDB: Waiting for purge to start
2019-12-23 14:12:01 0 [Note] InnoDB: 10.4.10 started; log sequence number 28146055; transaction id 48957
2019-12-23 14:12:01 0 [Note] InnoDB: Loading buffer pool(s) from C:\xampp\mysql\data\ib_buffer_pool
2019-12-23 14:12:01 0 [Note] Plugin 'FEEDBACK' is disabled.
2019-12-23 14:12:01 0 [Note] Server socket created on IP: '::'.
InnoDB: using atomic writes.
2019-12-24 11:59:23 0 [Note] InnoDB: Mutexes and rw_locks use Windows interlocked functions
2019-12-24 11:59:23 0 [Note] InnoDB: Uses event mutexes
2019-12-24 11:59:23 0 [Note] InnoDB: Compressed tables use zlib 1.2.11
2019-12-24 11:59:23 0 [Note] InnoDB: Number of pools: 1
2019-12-24 11:59:23 0 [Note] InnoDB: Using SSE2 crc32 instructions
2019-12-24 11:59:23 0 [Note] InnoDB: Initializing buffer pool, total size = 16M, instances = 1, chunk size = 16M
2019-12-24 11:59:23 0 [Note] InnoDB: Completed initialization of buffer pool
2019-12-24 11:59:23 0 [Note] InnoDB: Starting crash recovery from checkpoint LSN=28328639
2019-12-24 11:59:24 0 [Note] InnoDB: 128 out of 128 rollback segments are active.
2019-12-24 11:59:24 0 [Note] InnoDB: Removed temporary tablespace data file: "ibtmp1"
2019-12-24 11:59:24 0 [Note] InnoDB: Creating shared tablespace for temporary tables
2019-12-24 11:59:24 0 [Note] InnoDB: Setting file 'C:\xampp\mysql\data\ibtmp1' size to 12 MB. Physically writing the file full; Please wait ...
2019-12-24 11:59:24 0 [Note] InnoDB: File 'C:\xampp\mysql\data\ibtmp1' size is now 12 MB.
2019-12-24 11:59:24 0 [Note] InnoDB: Waiting for purge to start
2019-12-24 11:59:24 0 [Note] InnoDB: 10.4.10 started; log sequence number 28328648; transaction id 49087
2019-12-24 11:59:24 0 [Note] InnoDB: Loading buffer pool(s) from C:\xampp\mysql\data\ib_buffer_pool
2019-12-24 11:59:24 0 [Note] Plugin 'FEEDBACK' is disabled.
2019-12-24 11:59:24 0 [Note] InnoDB: Buffer pool(s) load completed at 191224 11:59:24
2019-12-24 11:59:24 0 [Note] Server socket created on IP: '::'.
InnoDB: using atomic writes.
2020-01-11 13:29:12 0 [Note] InnoDB: Mutexes and rw_locks use Windows interlocked functions
2020-01-11 13:29:12 0 [Note] InnoDB: Uses event mutexes
2020-01-11 13:29:12 0 [Note] InnoDB: Compressed tables use zlib 1.2.11
2020-01-11 13:29:12 0 [Note] InnoDB: Number of pools: 1
2020-01-11 13:29:12 0 [Note] InnoDB: Using SSE2 crc32 instructions
2020-01-11 13:29:12 0 [Note] InnoDB: Initializing buffer pool, total size = 16M, instances = 1, chunk size = 16M
2020-01-11 13:29:12 0 [Note] InnoDB: Completed initialization of buffer pool
2020-01-11 13:29:12 0 [Note] InnoDB: Starting crash recovery from checkpoint LSN=115762909
2020-01-11 13:29:12 0 [Note] InnoDB: 128 out of 128 rollback segments are active.
2020-01-11 13:29:12 0 [Note] InnoDB: Removed temporary tablespace data file: "ibtmp1"
2020-01-11 13:29:12 0 [Note] InnoDB: Creating shared tablespace for temporary tables
2020-01-11 13:29:12 0 [Note] InnoDB: Setting file 'C:\xampp\mysql\data\ibtmp1' size to 12 MB. Physically writing the file full; Please wait ...
2020-01-11 13:29:12 0 [Note] InnoDB: File 'C:\xampp\mysql\data\ibtmp1' size is now 12 MB.
2020-01-11 13:29:12 0 [Note] InnoDB: Waiting for purge to start
2020-01-11 13:29:12 0 [Note] InnoDB: 10.4.10 started; log sequence number 115762918; transaction id 208962
2020-01-11 13:29:12 0 [Note] InnoDB: Loading buffer pool(s) from C:\xampp\mysql\data\ib_buffer_pool
2020-01-11 13:29:12 0 [Note] Plugin 'FEEDBACK' is disabled.
2020-01-11 13:29:12 0 [Note] Server socket created on IP: '::'.
InnoDB: using atomic writes.
2020-01-13 20:23:42 0 [Note] InnoDB: Mutexes and rw_locks use Windows interlocked functions
2020-01-13 20:23:42 0 [Note] InnoDB: Uses event mutexes
2020-01-13 20:23:42 0 [Note] InnoDB: Compressed tables use zlib 1.2.11
2020-01-13 20:23:42 0 [Note] InnoDB: Number of pools: 1
2020-01-13 20:23:42 0 [Note] InnoDB: Using SSE2 crc32 instructions
2020-01-13 20:23:42 0 [Note] InnoDB: Initializing buffer pool, total size = 16M, instances = 1, chunk size = 16M
2020-01-13 20:23:42 0 [Note] InnoDB: Completed initialization of buffer pool
2020-01-13 20:23:42 0 [Note] InnoDB: Starting crash recovery from checkpoint LSN=116882615
2020-01-13 20:23:42 0 [Note] InnoDB: 128 out of 128 rollback segments are active.
2020-01-13 20:23:42 0 [Note] InnoDB: Removed temporary tablespace data file: "ibtmp1"
2020-01-13 20:23:42 0 [Note] InnoDB: Creating shared tablespace for temporary tables
2020-01-13 20:23:42 0 [Note] InnoDB: Setting file 'C:\xampp\mysql\data\ibtmp1' size to 12 MB. Physically writing the file full; Please wait ...
2020-01-13 20:23:42 0 [Note] InnoDB: File 'C:\xampp\mysql\data\ibtmp1' size is now 12 MB.
2020-01-13 20:23:42 0 [Note] InnoDB: Waiting for purge to start
2020-01-13 20:23:42 0 [Note] InnoDB: 10.4.10 started; log sequence number 116882624; transaction id 209768
2020-01-13 20:23:42 0 [Note] InnoDB: Loading buffer pool(s) from C:\xampp\mysql\data\ib_buffer_pool
2020-01-13 20:23:42 0 [Note] Plugin 'FEEDBACK' is disabled.
2020-01-13 20:23:42 0 [Note] Server socket created on IP: '::'.
InnoDB: using atomic writes.
2020-01-13 21:18:01 0 [Note] InnoDB: Mutexes and rw_locks use Windows interlocked functions
2020-01-13 21:18:01 0 [Note] InnoDB: Uses event mutexes
2020-01-13 21:18:01 0 [Note] InnoDB: Compressed tables use zlib 1.2.11
2020-01-13 21:18:01 0 [Note] InnoDB: Number of pools: 1
2020-01-13 21:18:01 0 [Note] InnoDB: Using SSE2 crc32 instructions
2020-01-13 21:18:01 0 [Note] InnoDB: Initializing buffer pool, total size = 16M, instances = 1, chunk size = 16M
2020-01-13 21:18:01 0 [Note] InnoDB: Completed initialization of buffer pool
2020-01-13 21:18:01 0 [Note] InnoDB: Starting crash recovery from checkpoint LSN=116883193
2020-01-13 21:18:01 0 [Note] InnoDB: 128 out of 128 rollback segments are active.
2020-01-13 21:18:01 0 [Note] InnoDB: Removed temporary tablespace data file: "ibtmp1"
2020-01-13 21:18:01 0 [Note] InnoDB: Creating shared tablespace for temporary tables
2020-01-13 21:18:01 0 [Note] InnoDB: Setting file 'C:\xampp\mysql\data\ibtmp1' size to 12 MB. Physically writing the file full; Please wait ...
2020-01-13 21:18:01 0 [Note] InnoDB: File 'C:\xampp\mysql\data\ibtmp1' size is now 12 MB.
2020-01-13 21:18:01 0 [Note] InnoDB: Waiting for purge to start
2020-01-13 21:18:01 0 [Note] InnoDB: 10.4.10 started; log sequence number 116883202; transaction id 209792
2020-01-13 21:18:01 0 [Note] InnoDB: Loading buffer pool(s) from C:\xampp\mysql\data\ib_buffer_pool
2020-01-13 21:18:01 0 [Note] Plugin 'FEEDBACK' is disabled.
2020-01-13 21:18:01 0 [Note] Server socket created on IP: '::'.
InnoDB: using atomic writes.
2020-01-17 14:42:53 0 [Note] InnoDB: Mutexes and rw_locks use Windows interlocked functions
2020-01-17 14:42:53 0 [Note] InnoDB: Uses event mutexes
2020-01-17 14:42:53 0 [Note] InnoDB: Compressed tables use zlib 1.2.11
2020-01-17 14:42:53 0 [Note] InnoDB: Number of pools: 1
2020-01-17 14:42:53 0 [Note] InnoDB: Using SSE2 crc32 instructions
2020-01-17 14:42:53 0 [Note] InnoDB: Initializing buffer pool, total size = 16M, instances = 1, chunk size = 16M
2020-01-17 14:42:53 0 [Note] InnoDB: Completed initialization of buffer pool
2020-01-17 14:42:53 0 [Note] InnoDB: Starting crash recovery from checkpoint LSN=120160814
2020-01-17 14:42:53 0 [Note] InnoDB: 128 out of 128 rollback segments are active.
2020-01-17 14:42:53 0 [Note] InnoDB: Removed temporary tablespace data file: "ibtmp1"
2020-01-17 14:42:53 0 [Note] InnoDB: Creating shared tablespace for temporary tables
2020-01-17 14:42:53 0 [Note] InnoDB: Setting file 'C:\xampp\mysql\data\ibtmp1' size to 12 MB. Physically writing the file full; Please wait ...
2020-01-17 14:42:53 0 [Note] InnoDB: File 'C:\xampp\mysql\data\ibtmp1' size is now 12 MB.
2020-01-17 14:42:53 0 [Note] InnoDB: Waiting for purge to start
2020-01-17 14:42:53 0 [Note] InnoDB: 10.4.10 started; log sequence number 120160823; transaction id 211381
2020-01-17 14:42:53 0 [Note] InnoDB: Loading buffer pool(s) from C:\xampp\mysql\data\ib_buffer_pool
2020-01-17 14:42:53 0 [Note] Plugin 'FEEDBACK' is disabled.
2020-01-17 14:42:53 0 [Note] Server socket created on IP: '::'.
InnoDB: using atomic writes.
2020-01-20 18:42:27 0 [Note] InnoDB: Mutexes and rw_locks use Windows interlocked functions
2020-01-20 18:42:27 0 [Note] InnoDB: Uses event mutexes
2020-01-20 18:42:27 0 [Note] InnoDB: Compressed tables use zlib 1.2.11
2020-01-20 18:42:27 0 [Note] InnoDB: Number of pools: 1
2020-01-20 18:42:27 0 [Note] InnoDB: Using SSE2 crc32 instructions
2020-01-20 18:42:27 0 [Note] InnoDB: Initializing buffer pool, total size = 16M, instances = 1, chunk size = 16M
2020-01-20 18:42:27 0 [Note] InnoDB: Completed initialization of buffer pool
2020-01-20 18:42:27 0 [Note] InnoDB: Starting crash recovery from checkpoint LSN=125285868
2020-01-20 18:42:28 0 [Note] InnoDB: 128 out of 128 rollback segments are active.
2020-01-20 18:42:28 0 [Note] InnoDB: Removed temporary tablespace data file: "ibtmp1"
2020-01-20 18:42:28 0 [Note] InnoDB: Creating shared tablespace for temporary tables
2020-01-20 18:42:28 0 [Note] InnoDB: Setting file 'C:\xampp\mysql\data\ibtmp1' size to 12 MB. Physically writing the file full; Please wait ...
2020-01-20 18:42:28 0 [Note] InnoDB: File 'C:\xampp\mysql\data\ibtmp1' size is now 12 MB.
2020-01-20 18:42:28 0 [Note] InnoDB: Waiting for purge to start
2020-01-20 18:42:28 0 [Note] InnoDB: 10.4.10 started; log sequence number 125285877; transaction id 213013
2020-01-20 18:42:28 0 [Note] InnoDB: Loading buffer pool(s) from C:\xampp\mysql\data\ib_buffer_pool
2020-01-20 18:42:28 0 [Note] Plugin 'FEEDBACK' is disabled.
2020-01-20 18:42:28 0 [Note] Server socket created on IP: '::'.
InnoDB: using atomic writes.
2020-01-20 23:26:12 0 [Note] InnoDB: Mutexes and rw_locks use Windows interlocked functions
2020-01-20 23:26:12 0 [Note] InnoDB: Uses event mutexes
2020-01-20 23:26:12 0 [Note] InnoDB: Compressed tables use zlib 1.2.11
2020-01-20 23:26:12 0 [Note] InnoDB: Number of pools: 1
2020-01-20 23:26:12 0 [Note] InnoDB: Using SSE2 crc32 instructions
2020-01-20 23:26:12 0 [Note] InnoDB: Initializing buffer pool, total size = 16M, instances = 1, chunk size = 16M
2020-01-20 23:26:12 0 [Note] InnoDB: Completed initialization of buffer pool
2020-01-20 23:26:12 0 [Note] InnoDB: Starting crash recovery from checkpoint LSN=130144752
2020-01-20 23:26:12 0 [Note] InnoDB: 128 out of 128 rollback segments are active.
2020-01-20 23:26:12 0 [Note] InnoDB: Removed temporary tablespace data file: "ibtmp1"
2020-01-20 23:26:12 0 [Note] InnoDB: Creating shared tablespace for temporary tables
2020-01-20 23:26:12 0 [Note] InnoDB: Setting file 'C:\xampp\mysql\data\ibtmp1' size to 12 MB. Physically writing the file full; Please wait ...
2020-01-20 23:26:12 0 [Note] InnoDB: File 'C:\xampp\mysql\data\ibtmp1' size is now 12 MB.
2020-01-20 23:26:12 0 [Note] InnoDB: Waiting for purge to start
2020-01-20 23:26:12 0 [Note] InnoDB: 10.4.10 started; log sequence number 130144761; transaction id 216482
2020-01-20 23:26:12 0 [Note] InnoDB: Loading buffer pool(s) from C:\xampp\mysql\data\ib_buffer_pool
2020-01-20 23:26:12 0 [Note] Plugin 'FEEDBACK' is disabled.
2020-01-20 23:26:12 0 [Note] Server socket created on IP: '::'.
